[INFO ] 28-08-2024 08:19:51 [main] Version - HHH000412: Hibernate ORM core version 6.1.7.Final
[WARN ] 28-08-2024 08:19:51 [main] pooling - HHH10001002: Using built-in connection pool (not intended for production use)
[INFO ] 28-08-2024 08:19:51 [main] pooling - HHH10001005: Loaded JDBC driver class: com.mysql.cj.jdbc.Driver
[INFO ] 28-08-2024 08:19:51 [main] pooling - HHH10001012: Connecting with JDBC URL [jdbc:mysql://localhost/FPT_clinicdb]
[INFO ] 28-08-2024 08:19:51 [main] pooling - HHH10001001: Connection properties: {password=****, user=root}
[INFO ] 28-08-2024 08:19:51 [main] pooling - HHH10001003: Autocommit mode: false
[INFO ] 28-08-2024 08:19:51 [main] pooling - HHH10001115: Connection pool size: 4 (min=1)
[WARN ] 28-08-2024 08:19:52 [main] Dialect - HHH000511: The 5.5.0 version for [org.hibernate.dialect.MySQLDialect] is no longer supported, hence certain features may not work properly. The minimum supported version is 5.7.0. Check the community dialects project for available legacy versions.
[INFO ] 28-08-2024 08:19:52 [main] SQL dialect - HHH000400: Using dialect: org.hibernate.dialect.MySQLDialect
[INFO ] 28-08-2024 08:19:52 [main] Version - HV000001: Hibernate Validator 8.0.1.Final
[INFO ] 28-08-2024 08:19:52 [main] access - HHH10001501: Connection obtained from JdbcConnectionAccess [org.hibernate.engine.jdbc.env.internal.JdbcEnvironmentInitiator$ConnectionProviderJdbcConnectionAccess@5546e754] for (non-JTA) DDL execution was not in auto-commit mode; the Connection 'local transaction' will be committed and the Connection will be set into auto-commit mode.
[INFO ] 28-08-2024 08:29:55 [main] Version - HHH000412: Hibernate ORM core version 6.1.7.Final
[WARN ] 28-08-2024 08:29:55 [main] pooling - HHH10001002: Using built-in connection pool (not intended for production use)
[INFO ] 28-08-2024 08:29:55 [main] pooling - HHH10001005: Loaded JDBC driver class: com.mysql.cj.jdbc.Driver
[INFO ] 28-08-2024 08:29:55 [main] pooling - HHH10001012: Connecting with JDBC URL [jdbc:mysql://localhost/FPT_clinicdb]
[INFO ] 28-08-2024 08:29:55 [main] pooling - HHH10001001: Connection properties: {password=****, user=root}
[INFO ] 28-08-2024 08:29:55 [main] pooling - HHH10001003: Autocommit mode: false
[INFO ] 28-08-2024 08:29:55 [main] pooling - HHH10001115: Connection pool size: 4 (min=1)
[WARN ] 28-08-2024 08:29:55 [main] Dialect - HHH000511: The 5.5.0 version for [org.hibernate.dialect.MySQLDialect] is no longer supported, hence certain features may not work properly. The minimum supported version is 5.7.0. Check the community dialects project for available legacy versions.
[INFO ] 28-08-2024 08:29:55 [main] SQL dialect - HHH000400: Using dialect: org.hibernate.dialect.MySQLDialect
[INFO ] 28-08-2024 08:29:55 [main] Version - HV000001: Hibernate Validator 8.0.1.Final
[INFO ] 28-08-2024 08:29:56 [main] access - HHH10001501: Connection obtained from JdbcConnectionAccess [org.hibernate.engine.jdbc.env.internal.JdbcEnvironmentInitiator$ConnectionProviderJdbcConnectionAccess@1182413a] for (non-JTA) DDL execution was not in auto-commit mode; the Connection 'local transaction' will be committed and the Connection will be set into auto-commit mode.
[INFO ] 28-08-2024 08:30:49 [main] Version - HHH000412: Hibernate ORM core version 6.1.7.Final
[WARN ] 28-08-2024 08:30:49 [main] pooling - HHH10001002: Using built-in connection pool (not intended for production use)
[INFO ] 28-08-2024 08:30:49 [main] pooling - HHH10001005: Loaded JDBC driver class: com.mysql.cj.jdbc.Driver
[INFO ] 28-08-2024 08:30:49 [main] pooling - HHH10001012: Connecting with JDBC URL [jdbc:mysql://localhost/FPT_clinicdb]
[INFO ] 28-08-2024 08:30:49 [main] pooling - HHH10001001: Connection properties: {password=****, user=root}
[INFO ] 28-08-2024 08:30:49 [main] pooling - HHH10001003: Autocommit mode: false
[INFO ] 28-08-2024 08:30:49 [main] pooling - HHH10001115: Connection pool size: 4 (min=1)
[WARN ] 28-08-2024 08:30:49 [main] Dialect - HHH000511: The 5.5.0 version for [org.hibernate.dialect.MySQLDialect] is no longer supported, hence certain features may not work properly. The minimum supported version is 5.7.0. Check the community dialects project for available legacy versions.
[INFO ] 28-08-2024 08:30:49 [main] SQL dialect - HHH000400: Using dialect: org.hibernate.dialect.MySQLDialect
[INFO ] 28-08-2024 08:30:49 [main] Version - HV000001: Hibernate Validator 8.0.1.Final
[INFO ] 28-08-2024 08:30:50 [main] access - HHH10001501: Connection obtained from JdbcConnectionAccess [org.hibernate.engine.jdbc.env.internal.JdbcEnvironmentInitiator$ConnectionProviderJdbcConnectionAccess@1182413a] for (non-JTA) DDL execution was not in auto-commit mode; the Connection 'local transaction' will be committed and the Connection will be set into auto-commit mode.
[INFO ] 28-08-2024 08:31:44 [main] Version - HHH000412: Hibernate ORM core version 6.1.7.Final
[WARN ] 28-08-2024 08:31:44 [main] pooling - HHH10001002: Using built-in connection pool (not intended for production use)
[INFO ] 28-08-2024 08:31:44 [main] pooling - HHH10001005: Loaded JDBC driver class: com.mysql.cj.jdbc.Driver
[INFO ] 28-08-2024 08:31:44 [main] pooling - HHH10001012: Connecting with JDBC URL [jdbc:mysql://localhost/FPT_clinicdb]
[INFO ] 28-08-2024 08:31:44 [main] pooling - HHH10001001: Connection properties: {password=****, user=root}
[INFO ] 28-08-2024 08:31:44 [main] pooling - HHH10001003: Autocommit mode: false
[INFO ] 28-08-2024 08:31:44 [main] pooling - HHH10001115: Connection pool size: 4 (min=1)
[WARN ] 28-08-2024 08:31:44 [main] Dialect - HHH000511: The 5.5.0 version for [org.hibernate.dialect.MySQLDialect] is no longer supported, hence certain features may not work properly. The minimum supported version is 5.7.0. Check the community dialects project for available legacy versions.
[INFO ] 28-08-2024 08:31:44 [main] SQL dialect - HHH000400: Using dialect: org.hibernate.dialect.MySQLDialect
[INFO ] 28-08-2024 08:31:44 [main] Version - HV000001: Hibernate Validator 8.0.1.Final
[INFO ] 28-08-2024 08:31:44 [main] access - HHH10001501: Connection obtained from JdbcConnectionAccess [org.hibernate.engine.jdbc.env.internal.JdbcEnvironmentInitiator$ConnectionProviderJdbcConnectionAccess@7ead1d80] for (non-JTA) DDL execution was not in auto-commit mode; the Connection 'local transaction' will be committed and the Connection will be set into auto-commit mode.
